<?xml version="1.0" encoding="UTF-8"?>
<testsuite name="edu.cs.mum.HotelManagementSysytemApplicationTests" time="0.027" tests="1" errors="1" skipped="0" failures="0">
  <properties>
[...]
</properties>
  <testcase name="initializationError" classname="edu.cs.mum.HotelManagementSysytemApplicationTests" time="0.027">
    <error message="Unable to find a @SpringBootConfiguration, you need to use @ContextConfiguration or @SpringBootTest(classes=...) with your test" type="java.lang.IllegalStateException"><![CDATA[java.lang.IllegalStateException: Unable to find a @SpringBootConfiguration, you need to use @ContextConfiguration or @SpringBootTest(classes=...) with your test
	at org.springframework.util.Assert.state(Assert.java:392)
	at org.springframework.boot.test.context.SpringBootTestContextBootstrapper.getOrFindConfigurationClasses(SpringBootTestContextBootstrapper.java:173)
	at org.springframework.boot.test.context.SpringBootTestContextBootstrapper.processMergedContextConfiguration(SpringBootTestContextBootstrapper.java:133)
	at org.springframework.test.context.support.AbstractTestContextBootstrapper.buildMergedContextConfiguration(AbstractTestContextBootstrapper.java:409)
	at org.springframework.test.context.support.AbstractTestContextBootstrapper.buildDefaultMergedContextConfiguration(AbstractTestContextBootstrapper.java:323)
	at org.springframework.test.context.support.AbstractTestContextBootstrapper.buildMergedContextConfiguration(AbstractTestContextBootstrapper.java:277)
	at org.springframework.test.context.support.AbstractTestContextBootstrapper.buildTestContext(AbstractTestContextBootstrapper.java:112)
	at org.springframework.boot.test.context.SpringBootTestContextBootstrapper.buildTestContext(SpringBootTestContextBootstrapper.java:78)
	at org.springframework.test.context.TestContextManager.<init>(TestContextManager.java:120)
	at org.springframework.test.context.TestContextManager.<init>(TestContextManager.java:105)
	at org.springframework.test.context.junit4.SpringJUnit4ClassRunner.createTestContextManager(SpringJUnit4ClassRunner.java:152)
	at org.springframework.test.context.junit4.SpringJUnit4ClassRunner.<init>(SpringJUnit4ClassRunner.java:143)
	at org.springframework.test.context.junit4.SpringRunner.<init>(SpringRunner.java:49)
	at sun.reflect.NativeConstructorAccessorImpl.newInstance0(Native Method)
	at sun.reflect.NativeConstructorAccessorImpl.newInstance(NativeConstructorAccessorImpl.java:62)
	at sun.reflect.DelegatingConstructorAccessorImpl.newInstance(DelegatingConstructorAccessorImpl.java:45)
	at java.lang.reflect.Constructor.newInstance(Constructor.java:422)
	at org.junit.internal.builders.AnnotatedBuilder.buildRunner(AnnotatedBuilder.java:104)
	at org.junit.internal.builders.AnnotatedBuilder.runnerForClass(AnnotatedBuilder.java:86)
	at org.junit.runners.model.RunnerBuilder.safeRunnerForClass(RunnerBuilder.java:59)
	at org.junit.internal.builders.AllDefaultPossibilitiesBuilder.runnerForClass(AllDefaultPossibilitiesBuilder.java:26)
	at org.junit.runners.model.RunnerBuilder.safeRunnerForClass(RunnerBuilder.java:59)
	at org.junit.internal.requests.ClassRequest.getRunner(ClassRequest.java:33)
	at org.apache.maven.surefire.junit4.JUnit4Provider.execute(JUnit4Provider.java:283)
	at org.apache.maven.surefire.junit4.JUnit4Provider.executeWithRerun(JUnit4Provider.java:173)
	at org.apache.maven.surefire.junit4.JUnit4Provider.executeTestSet(JUnit4Provider.java:153)
	at org.apache.maven.surefire.junit4.JUnit4Provider.invoke(JUnit4Provider.java:128)
	at org.apache.maven.surefire.booter.ForkedBooter.invokeProviderInSameClassLoader(ForkedBooter.java:203)
	at org.apache.maven.surefire.booter.ForkedBooter.runSuitesInProcess(ForkedBooter.java:155)
	at org.apache.maven.surefire.booter.ForkedBooter.main(ForkedBooter.java:103)
]]></error>
    <system-out><![CDATA[22:34:05.215 [main] DEBUG org.springframework.test.context.junit4.SpringJUnit4ClassRunner - SpringJUnit4ClassRunner constructor called with [class edu.cs.mum.HotelManagementSysytemApplicationTests]
22:34:05.232 [main] DEBUG org.springframework.test.context.BootstrapUtils - Instantiating CacheAwareContextLoaderDelegate from class [org.springframework.test.context.cache.DefaultCacheAwareContextLoaderDelegate]
22:34:05.277 [main] DEBUG org.springframework.test.context.BootstrapUtils - Instantiating BootstrapContext using constructor [public org.springframework.test.context.support.DefaultBootstrapContext(java.lang.Class,org.springframework.test.context.CacheAwareContextLoaderDelegate)]
22:34:05.342 [main] DEBUG org.springframework.test.context.BootstrapUtils - Instantiating TestContextBootstrapper for test class [edu.cs.mum.HotelManagementSysytemApplicationTests] from class [org.springframework.boot.test.context.SpringBootTestContextBootstrapper]
22:34:05.391 [main] INFO org.springframework.boot.test.context.SpringBootTestContextBootstrapper - Neither @ContextConfiguration nor @ContextHierarchy found for test class [edu.cs.mum.HotelManagementSysytemApplicationTests], using SpringBootContextLoader
22:34:05.398 [main] DEBUG org.springframework.test.context.support.AbstractContextLoader - Did not detect default resource location for test class [edu.cs.mum.HotelManagementSysytemApplicationTests]: class path resource [edu/cs/mum/HotelManagementSysytemApplicationTests-context.xml] does not exist
22:34:05.399 [main] DEBUG org.springframework.test.context.support.AbstractContextLoader - Did not detect default resource location for test class [edu.cs.mum.HotelManagementSysytemApplicationTests]: class path resource [edu/cs/mum/HotelManagementSysytemApplicationTestsContext.groovy] does not exist
22:34:05.399 [main] INFO org.springframework.test.context.support.AbstractContextLoader - Could not detect default resource locations for test class [edu.cs.mum.HotelManagementSysytemApplicationTests]: no resource found for suffixes {-context.xml, Context.groovy}.
22:34:05.401 [main] INFO org.springframework.test.context.support.AnnotationConfigContextLoaderUtils - Could not detect default configuration classes for test class [edu.cs.mum.HotelManagementSysytemApplicationTests]: HotelManagementSysytemApplicationTests does not declare any static, non-private, non-final, nested classes annotated with @Configuration.
22:34:05.527 [main] DEBUG org.springframework.test.context.support.ActiveProfilesUtils - Could not find an 'annotation declaring class' for annotation type [org.springframework.test.context.ActiveProfiles] and class [edu.cs.mum.HotelManagementSysytemApplicationTests]
22:34:05.738 [main] DEBUG org.springframework.core.env.StandardEnvironment - Adding [systemProperties] PropertySource with lowest search precedence
22:34:05.740 [main] DEBUG org.springframework.core.env.StandardEnvironment - Adding [systemEnvironment] PropertySource with lowest search precedence
22:34:05.740 [main] DEBUG org.springframework.core.env.StandardEnvironment - Initialized StandardEnvironment with PropertySources [systemProperties,systemEnvironment]
22:34:05.782 [main] DEBUG org.springframework.core.io.support.PathMatchingResourcePatternResolver - Resolved classpath location [edu/cs/mum/] to resources [URL [file:/C:/Users/mussi/Desktop/HotelManagementSystem/target/test-classes/edu/cs/mum/], URL [file:/C:/Users/mussi/Desktop/HotelManagementSystem/target/classes/edu/cs/mum/]]
22:34:05.783 [main] DEBUG org.springframework.core.io.support.PathMatchingResourcePatternResolver - Looking for matching resources in directory tree [C:\Users\mussi\Desktop\HotelManagementSystem\target\test-classes\edu\cs\mum]
22:34:05.784 [main] DEBUG org.springframework.core.io.support.PathMatchingResourcePatternResolver - Searching directory [C:\Users\mussi\Desktop\HotelManagementSystem\target\test-classes\edu\cs\mum] for files matching pattern [C:/Users/mussi/Desktop/HotelManagementSystem/target/test-classes/edu/cs/mum/*.class]
22:34:05.795 [main] DEBUG org.springframework.core.io.support.PathMatchingResourcePatternResolver - Looking for matching resources in directory tree [C:\Users\mussi\Desktop\HotelManagementSystem\target\classes\edu\cs\mum]
22:34:05.797 [main] DEBUG org.springframework.core.io.support.PathMatchingResourcePatternResolver - Searching directory [C:\Users\mussi\Desktop\HotelManagementSystem\target\classes\edu\cs\mum] for files matching pattern [C:/Users/mussi/Desktop/HotelManagementSystem/target/classes/edu/cs/mum/*.class]
22:34:05.798 [main] DEBUG org.springframework.core.io.support.PathMatchingResourcePatternResolver - Resolved location pattern [classpath*:edu/cs/mum/*.class] to resources [file [C:\Users\mussi\Desktop\HotelManagementSystem\target\test-classes\edu\cs\mum\HotelManagementSysytemApplicationTests.class]]
22:34:05.890 [main] DEBUG org.springframework.core.io.support.PathMatchingResourcePatternResolver - Resolved classpath location [edu/cs/] to resources [URL [file:/C:/Users/mussi/Desktop/HotelManagementSystem/target/test-classes/edu/cs/], URL [file:/C:/Users/mussi/Desktop/HotelManagementSystem/target/classes/edu/cs/]]
22:34:05.891 [main] DEBUG org.springframework.core.io.support.PathMatchingResourcePatternResolver - Looking for matching resources in directory tree [C:\Users\mussi\Desktop\HotelManagementSystem\target\test-classes\edu\cs]
22:34:05.891 [main] DEBUG org.springframework.core.io.support.PathMatchingResourcePatternResolver - Searching directory [C:\Users\mussi\Desktop\HotelManagementSystem\target\test-classes\edu\cs] for files matching pattern [C:/Users/mussi/Desktop/HotelManagementSystem/target/test-classes/edu/cs/*.class]
22:34:05.892 [main] DEBUG org.springframework.core.io.support.PathMatchingResourcePatternResolver - Looking for matching resources in directory tree [C:\Users\mussi\Desktop\HotelManagementSystem\target\classes\edu\cs]
22:34:05.892 [main] DEBUG org.springframework.core.io.support.PathMatchingResourcePatternResolver - Searching directory [C:\Users\mussi\Desktop\HotelManagementSystem\target\classes\edu\cs] for files matching pattern [C:/Users/mussi/Desktop/HotelManagementSystem/target/classes/edu/cs/*.class]
22:34:05.893 [main] DEBUG org.springframework.core.io.support.PathMatchingResourcePatternResolver - Resolved location pattern [classpath*:edu/cs/*.class] to resources []
22:34:05.894 [main] DEBUG org.springframework.core.io.support.PathMatchingResourcePatternResolver - Resolved classpath location [edu/] to resources [URL [file:/C:/Users/mussi/Desktop/HotelManagementSystem/target/test-classes/edu/], URL [file:/C:/Users/mussi/Desktop/HotelManagementSystem/target/classes/edu/]]
22:34:05.894 [main] DEBUG org.springframework.core.io.support.PathMatchingResourcePatternResolver - Looking for matching resources in directory tree [C:\Users\mussi\Desktop\HotelManagementSystem\target\test-classes\edu]
22:34:05.894 [main] DEBUG org.springframework.core.io.support.PathMatchingResourcePatternResolver - Searching directory [C:\Users\mussi\Desktop\HotelManagementSystem\target\test-classes\edu] for files matching pattern [C:/Users/mussi/Desktop/HotelManagementSystem/target/test-classes/edu/*.class]
22:34:05.895 [main] DEBUG org.springframework.core.io.support.PathMatchingResourcePatternResolver - Looking for matching resources in directory tree [C:\Users\mussi\Desktop\HotelManagementSystem\target\classes\edu]
22:34:05.895 [main] DEBUG org.springframework.core.io.support.PathMatchingResourcePatternResolver - Searching directory [C:\Users\mussi\Desktop\HotelManagementSystem\target\classes\edu] for files matching pattern [C:/Users/mussi/Desktop/HotelManagementSystem/target/classes/edu/*.class]
22:34:05.896 [main] DEBUG org.springframework.core.io.support.PathMatchingResourcePatternResolver - Resolved location pattern [classpath*:edu/*.class] to resources []
22:34:05.905 [main] DEBUG org.springframework.test.context.junit4.SpringJUnit4ClassRunner - SpringJUnit4ClassRunner constructor called with [class edu.cs.mum.HotelManagementSysytemApplicationTests]
22:34:05.905 [main] DEBUG org.springframework.test.context.BootstrapUtils - Instantiating CacheAwareContextLoaderDelegate from class [org.springframework.test.context.cache.DefaultCacheAwareContextLoaderDelegate]
22:34:05.906 [main] DEBUG org.springframework.test.context.BootstrapUtils - Instantiating BootstrapContext using constructor [public org.springframework.test.context.support.DefaultBootstrapContext(java.lang.Class,org.springframework.test.context.CacheAwareContextLoaderDelegate)]
22:34:05.906 [main] DEBUG org.springframework.test.context.BootstrapUtils - Instantiating TestContextBootstrapper for test class [edu.cs.mum.HotelManagementSysytemApplicationTests] from class [org.springframework.boot.test.context.SpringBootTestContextBootstrapper]
22:34:05.907 [main] INFO org.springframework.boot.test.context.SpringBootTestContextBootstrapper - Neither @ContextConfiguration nor @ContextHierarchy found for test class [edu.cs.mum.HotelManagementSysytemApplicationTests], using SpringBootContextLoader
22:34:05.909 [main] DEBUG org.springframework.test.context.support.AbstractContextLoader - Did not detect default resource location for test class [edu.cs.mum.HotelManagementSysytemApplicationTests]: class path resource [edu/cs/mum/HotelManagementSysytemApplicationTests-context.xml] does not exist
22:34:05.910 [main] DEBUG org.springframework.test.context.support.AbstractContextLoader - Did not detect default resource location for test class [edu.cs.mum.HotelManagementSysytemApplicationTests]: class path resource [edu/cs/mum/HotelManagementSysytemApplicationTestsContext.groovy] does not exist
22:34:05.910 [main] INFO org.springframework.test.context.support.AbstractContextLoader - Could not detect default resource locations for test class [edu.cs.mum.HotelManagementSysytemApplicationTests]: no resource found for suffixes {-context.xml, Context.groovy}.
22:34:05.910 [main] INFO org.springframework.test.context.support.AnnotationConfigContextLoaderUtils - Could not detect default configuration classes for test class [edu.cs.mum.HotelManagementSysytemApplicationTests]: HotelManagementSysytemApplicationTests does not declare any static, non-private, non-final, nested classes annotated with @Configuration.
22:34:05.949 [main] DEBUG org.springframework.test.context.support.ActiveProfilesUtils - Could not find an 'annotation declaring class' for annotation type [org.springframework.test.context.ActiveProfiles] and class [edu.cs.mum.HotelManagementSysytemApplicationTests]
22:34:05.951 [main] DEBUG org.springframework.core.env.StandardEnvironment - Adding [systemProperties] PropertySource with lowest search precedence
22:34:05.955 [main] DEBUG org.springframework.core.env.StandardEnvironment - Adding [systemEnvironment] PropertySource with lowest search precedence
22:34:05.956 [main] DEBUG org.springframework.core.env.StandardEnvironment - Initialized StandardEnvironment with PropertySources [systemProperties,systemEnvironment]
22:34:05.958 [main] DEBUG org.springframework.core.io.support.PathMatchingResourcePatternResolver - Resolved classpath location [edu/cs/mum/] to resources [URL [file:/C:/Users/mussi/Desktop/HotelManagementSystem/target/test-classes/edu/cs/mum/], URL [file:/C:/Users/mussi/Desktop/HotelManagementSystem/target/classes/edu/cs/mum/]]
22:34:05.958 [main] DEBUG org.springframework.core.io.support.PathMatchingResourcePatternResolver - Looking for matching resources in directory tree [C:\Users\mussi\Desktop\HotelManagementSystem\target\test-classes\edu\cs\mum]
22:34:05.959 [main] DEBUG org.springframework.core.io.support.PathMatchingResourcePatternResolver - Searching directory [C:\Users\mussi\Desktop\HotelManagementSystem\target\test-classes\edu\cs\mum] for files matching pattern [C:/Users/mussi/Desktop/HotelManagementSystem/target/test-classes/edu/cs/mum/*.class]
22:34:05.960 [main] DEBUG org.springframework.core.io.support.PathMatchingResourcePatternResolver - Looking for matching resources in directory tree [C:\Users\mussi\Desktop\HotelManagementSystem\target\classes\edu\cs\mum]
22:34:05.961 [main] DEBUG org.springframework.core.io.support.PathMatchingResourcePatternResolver - Searching directory [C:\Users\mussi\Desktop\HotelManagementSystem\target\classes\edu\cs\mum] for files matching pattern [C:/Users/mussi/Desktop/HotelManagementSystem/target/classes/edu/cs/mum/*.class]
22:34:05.962 [main] DEBUG org.springframework.core.io.support.PathMatchingResourcePatternResolver - Resolved location pattern [classpath*:edu/cs/mum/*.class] to resources [file [C:\Users\mussi\Desktop\HotelManagementSystem\target\test-classes\edu\cs\mum\HotelManagementSysytemApplicationTests.class]]
22:34:05.966 [main] DEBUG org.springframework.core.io.support.PathMatchingResourcePatternResolver - Resolved classpath location [edu/cs/] to resources [URL [file:/C:/Users/mussi/Desktop/HotelManagementSystem/target/test-classes/edu/cs/], URL [file:/C:/Users/mussi/Desktop/HotelManagementSystem/target/classes/edu/cs/]]
22:34:05.966 [main] DEBUG org.springframework.core.io.support.PathMatchingResourcePatternResolver - Looking for matching resources in directory tree [C:\Users\mussi\Desktop\HotelManagementSystem\target\test-classes\edu\cs]
22:34:05.967 [main] DEBUG org.springframework.core.io.support.PathMatchingResourcePatternResolver - Searching directory [C:\Users\mussi\Desktop\HotelManagementSystem\target\test-classes\edu\cs] for files matching pattern [C:/Users/mussi/Desktop/HotelManagementSystem/target/test-classes/edu/cs/*.class]
22:34:05.972 [main] DEBUG org.springframework.core.io.support.PathMatchingResourcePatternResolver - Looking for matching resources in directory tree [C:\Users\mussi\Desktop\HotelManagementSystem\target\classes\edu\cs]
22:34:05.973 [main] DEBUG org.springframework.core.io.support.PathMatchingResourcePatternResolver - Searching directory [C:\Users\mussi\Desktop\HotelManagementSystem\target\classes\edu\cs] for files matching pattern [C:/Users/mussi/Desktop/HotelManagementSystem/target/classes/edu/cs/*.class]
22:34:05.974 [main] DEBUG org.springframework.core.io.support.PathMatchingResourcePatternResolver - Resolved location pattern [classpath*:edu/cs/*.class] to resources []
22:34:05.975 [main] DEBUG org.springframework.core.io.support.PathMatchingResourcePatternResolver - Resolved classpath location [edu/] to resources [URL [file:/C:/Users/mussi/Desktop/HotelManagementSystem/target/test-classes/edu/], URL [file:/C:/Users/mussi/Desktop/HotelManagementSystem/target/classes/edu/]]
22:34:05.976 [main] DEBUG org.springframework.core.io.support.PathMatchingResourcePatternResolver - Looking for matching resources in directory tree [C:\Users\mussi\Desktop\HotelManagementSystem\target\test-classes\edu]
22:34:05.976 [main] DEBUG org.springframework.core.io.support.PathMatchingResourcePatternResolver - Searching directory [C:\Users\mussi\Desktop\HotelManagementSystem\target\test-classes\edu] for files matching pattern [C:/Users/mussi/Desktop/HotelManagementSystem/target/test-classes/edu/*.class]
22:34:05.977 [main] DEBUG org.springframework.core.io.support.PathMatchingResourcePatternResolver - Looking for matching resources in directory tree [C:\Users\mussi\Desktop\HotelManagementSystem\target\classes\edu]
22:34:05.978 [main] DEBUG org.springframework.core.io.support.PathMatchingResourcePatternResolver - Searching directory [C:\Users\mussi\Desktop\HotelManagementSystem\target\classes\edu] for files matching pattern [C:/Users/mussi/Desktop/HotelManagementSystem/target/classes/edu/*.class]
22:34:05.978 [main] DEBUG org.springframework.core.io.support.PathMatchingResourcePatternResolver - Resolved location pattern [classpath*:edu/*.class] to resources []
]]></system-out>
  </testcase>
</testsuite>